<?xml version="1.0" encoding="UTF-8"?>
<!-- Generated by org.testng.reporters.JUnitReportReporter -->
<testsuite hostname="DESKTOP-UUPIJUK" failures="0" tests="2" name="com.nextsoft.testcom.user.CreateAccountTest" time="15.888" errors="0" timestamp="2022-06-16T15:55:28 WIB" skipped="0">
  <testcase classname="com.nextsoft.testcom.user.CreateAccountTest" name="createValidAccount" time="8.856"/>
  <system-out/>
  <testcase classname="com.nextsoft.testcom.user.CreateAccountTest" name="cekError" time="7.032"/>
  <system-out/>
</testsuite> <!-- com.nextsoft.testcom.user.CreateAccountTest -->
