<?xml version="1.0" encoding="UTF-8"?>
<!-- Generated by org.testng.reporters.JUnitReportReporter -->
<testsuite hostname="DESKTOP-KMN6TAK" failures="0" tests="9" name="com.nextsoft.testcom.userLogin.AccountTest" time="40.023" errors="0" timestamp="2022-06-17T16:22:53 ICT" skipped="0">
  <testcase classname="com.nextsoft.testcom.userLogin.AccountTest" name="testRegister_WithEmptyDatadUserInformation" time="3.846"/>
  <system-out>
    <![CDATA[<img src = 'file://D:\TestScreenshoot\20220617_162217.png'height="350" width="700"/>]]>
  </system-out>
  <testcase classname="com.nextsoft.testcom.userLogin.AccountTest" name="testRegisterWithInvalidUserID" time="5.135"/>
  <system-out>
    <![CDATA[<img src = 'file://D:\TestScreenshoot\20220617_162222.png'height="350" width="700"/>]]>
  </system-out>
  <testcase classname="com.nextsoft.testcom.userLogin.AccountTest" name="testRegisterWithInvalidRepreatPassword" time="4.788"/>
  <system-out>
    <![CDATA[<img src = 'file://D:\TestScreenshoot\20220617_162227.png'height="350" width="700"/>]]>
  </system-out>
  <testcase classname="com.nextsoft.testcom.userLogin.AccountTest" name="testRegisterWith_invalidEmail" time="4.675"/>
  <system-out>
    <![CDATA[<img src = 'file://D:\TestScreenshoot\20220617_162231.png'height="350" width="700"/>]]>
  </system-out>
  <testcase classname="com.nextsoft.testcom.userLogin.AccountTest" name="testRegisterWith_invalidPhone_huruf" time="4.484"/>
  <system-out>
    <![CDATA[<img src = 'file://D:\TestScreenshoot\20220617_162236.png'height="350" width="700"/>]]>
  </system-out>
  <testcase classname="com.nextsoft.testcom.userLogin.AccountTest" name="testRegisterWith_invalidPhone_symbol" time="4.530"/>
  <system-out>
    <![CDATA[<img src = 'file://D:\TestScreenshoot\20220617_162240.png'height="350" width="700"/>]]>
  </system-out>
  <testcase classname="com.nextsoft.testcom.userLogin.AccountTest" name="testRegisterWith_invalidZip_Huruf" time="4.328"/>
  <system-out>
    <![CDATA[<img src = 'file://D:\TestScreenshoot\20220617_162245.png'height="350" width="700"/>]]>
  </system-out>
  <testcase classname="com.nextsoft.testcom.userLogin.AccountTest" name="testRegisterWith_invalidZip_symbol" time="4.474"/>
  <system-out>
    <![CDATA[<img src = 'file://D:\TestScreenshoot\20220617_162249.png'height="350" width="700"/>]]>
  </system-out>
  <testcase classname="com.nextsoft.testcom.userLogin.AccountTest" name="testRegisterWith_ValidUserInformation" time="3.763"/>
  <system-out/>
</testsuite> <!-- com.nextsoft.testcom.userLogin.AccountTest -->
